2019-03-16 21:11:05,705 INFO     C:\python3.5\lib\site-packages\django\core\servers\basehttp.py[line:124] "OPTIONS /interface/user HTTP/1.1" 200 0
2019-03-16 21:11:06,019 INFO     C:\python3.5\lib\site-packages\django\core\servers\basehttp.py[line:124] "GET /interface/user HTTP/1.1" 200 74
2019-03-16 21:25:51,252 INFO     C:\python3.5\lib\site-packages\django\core\servers\basehttp.py[line:124] "OPTIONS /interface/user HTTP/1.1" 200 0
2019-03-16 21:25:51,284 INFO     C:\python3.5\lib\site-packages\django\core\servers\basehttp.py[line:124] "GET /interface/user HTTP/1.1" 200 74
2019-03-16 21:27:51,653 INFO     C:\python3.5\lib\site-packages\django\core\servers\basehttp.py[line:124] "GET /interface/user HTTP/1.1" 200 74
2019-03-16 21:33:46,823 INFO     C:\python3.5\lib\site-packages\django\core\servers\basehttp.py[line:124] "GET /interface/user HTTP/1.1" 200 74
2019-03-16 21:35:35,417 INFO     C:\python3.5\lib\site-packages\django\core\servers\basehttp.py[line:124] "GET /interface/user HTTP/1.1" 200 74
2019-03-16 21:35:59,214 INFO     C:\python3.5\lib\site-packages\django\core\servers\basehttp.py[line:124] "OPTIONS /interface/user HTTP/1.1" 200 0
2019-03-16 21:35:59,225 INFO     C:\python3.5\lib\site-packages\django\core\servers\basehttp.py[line:124] "GET /interface/user HTTP/1.1" 200 74
2019-03-16 21:36:20,890 INFO     C:\python3.5\lib\site-packages\django\core\servers\basehttp.py[line:124] "GET /interface/user HTTP/1.1" 200 74
2019-03-16 21:37:05,998 INFO     C:\python3.5\lib\site-packages\django\core\servers\basehttp.py[line:124] "GET /interface/user HTTP/1.1" 200 74
2019-03-16 21:37:32,209 INFO     C:\python3.5\lib\site-packages\django\core\servers\basehttp.py[line:124] "GET /interface/user HTTP/1.1" 200 74
2019-03-16 21:38:01,103 INFO     C:\python3.5\lib\site-packages\django\core\servers\basehttp.py[line:124] "GET /interface/user HTTP/1.1" 200 74
2019-03-16 21:39:13,075 INFO     C:\python3.5\lib\site-packages\django\core\servers\basehttp.py[line:124] "GET /interface/user HTTP/1.1" 200 74
2019-03-16 21:39:17,952 INFO     C:\python3.5\lib\site-packages\django\core\servers\basehttp.py[line:124] "GET /interface/user HTTP/1.1" 200 74
2019-03-16 21:40:59,264 INFO     C:\python3.5\lib\site-packages\django\core\servers\basehttp.py[line:124] "GET /interface/user HTTP/1.1" 200 74
2019-03-16 21:41:05,882 INFO     C:\python3.5\lib\site-packages\django\core\servers\basehttp.py[line:124] "GET /interface/user HTTP/1.1" 200 74
2019-03-16 21:41:56,130 INFO     C:\python3.5\lib\site-packages\django\core\servers\basehttp.py[line:124] "GET /interface/user HTTP/1.1" 200 74
2019-03-16 21:42:18,883 INFO     C:\python3.5\lib\site-packages\django\core\servers\basehttp.py[line:124] "GET /interface/user HTTP/1.1" 200 74
2019-03-16 21:50:10,444 INFO     C:\python3.5\lib\site-packages\django\core\servers\basehttp.py[line:124] "OPTIONS /interface/user HTTP/1.1" 200 0
2019-03-16 21:50:10,452 INFO     C:\python3.5\lib\site-packages\django\core\servers\basehttp.py[line:124] "GET /interface/user HTTP/1.1" 200 74
2019-03-16 21:50:14,459 INFO     C:\python3.5\lib\site-packages\django\core\servers\basehttp.py[line:124] "GET /interface/user HTTP/1.1" 200 74
2019-03-16 21:50:28,660 INFO     C:\python3.5\lib\site-packages\django\core\servers\basehttp.py[line:124] "GET /interface/user HTTP/1.1" 200 74
2019-03-16 21:50:31,463 INFO     C:\python3.5\lib\site-packages\django\core\servers\basehttp.py[line:124] "GET /interface/user HTTP/1.1" 200 74
2019-03-16 21:50:51,541 INFO     C:\python3.5\lib\site-packages\django\core\servers\basehttp.py[line:124] "GET /interface/user HTTP/1.1" 200 74
2019-03-16 21:57:36,891 INFO     C:\python3.5\lib\site-packages\django\core\servers\basehttp.py[line:124] "GET /interface/user HTTP/1.1" 200 74
2019-03-16 22:00:52,633 INFO     C:\python3.5\lib\site-packages\django\core\servers\basehttp.py[line:124] "OPTIONS /interface/user HTTP/1.1" 200 0
2019-03-16 22:00:52,677 INFO     C:\python3.5\lib\site-packages\django\core\servers\basehttp.py[line:124] "GET /interface/user HTTP/1.1" 200 74
2019-03-16 22:02:46,347 INFO     C:\python3.5\lib\site-packages\django\core\servers\basehttp.py[line:124] "GET /interface/user HTTP/1.1" 200 74
2019-03-16 22:03:50,287 INFO     C:\python3.5\lib\site-packages\django\core\servers\basehttp.py[line:124] "GET /interface/user HTTP/1.1" 200 74
2019-03-16 22:04:17,757 INFO     C:\python3.5\lib\site-packages\django\core\servers\basehttp.py[line:124] "GET /interface/user HTTP/1.1" 200 74
2019-03-16 22:05:47,216 INFO     C:\python3.5\lib\site-packages\django\core\servers\basehttp.py[line:124] "GET /interface/user HTTP/1.1" 200 74
2019-03-16 22:08:59,244 INFO     C:\python3.5\lib\site-packages\django\core\servers\basehttp.py[line:124] "GET /interface/user HTTP/1.1" 200 74
2019-03-16 22:09:03,958 INFO     C:\python3.5\lib\site-packages\django\core\servers\basehttp.py[line:124] "GET /interface/user HTTP/1.1" 200 74
2019-03-16 22:09:07,615 INFO     C:\python3.5\lib\site-packages\django\core\servers\basehttp.py[line:124] "GET /interface/user HTTP/1.1" 200 74
2019-03-17 20:28:29,130 INFO     C:\python3.5\lib\site-packages\django\core\servers\basehttp.py[line:124] "OPTIONS /interface/user HTTP/1.1" 200 0
2019-03-17 20:28:29,420 INFO     C:\python3.5\lib\site-packages\django\core\servers\basehttp.py[line:124] "GET /interface/user HTTP/1.1" 200 74
2019-03-17 22:33:21,329 INFO     C:\python3.5\lib\site-packages\django\core\servers\basehttp.py[line:124] "OPTIONS /interface/user HTTP/1.1" 200 0
2019-03-17 22:33:21,352 INFO     C:\python3.5\lib\site-packages\django\core\servers\basehttp.py[line:124] "GET /interface/user HTTP/1.1" 200 74
2019-03-23 20:16:01,542 INFO     C:\python3.5\lib\site-packages\django\core\servers\basehttp.py[line:124] "OPTIONS /interface/user HTTP/1.1" 200 0
2019-03-23 20:16:02,350 INFO     C:\python3.5\lib\site-packages\django\core\servers\basehttp.py[line:124] "GET /interface/user HTTP/1.1" 200 74
2019-03-23 20:21:25,669 INFO     C:\python3.5\lib\site-packages\django\core\servers\basehttp.py[line:124] "GET /interface/user HTTP/1.1" 200 74
2019-03-23 20:40:00,296 INFO     C:\python3.5\lib\site-packages\django\core\servers\basehttp.py[line:124] "OPTIONS /interface/user HTTP/1.1" 200 0
2019-03-23 20:40:00,304 INFO     C:\python3.5\lib\site-packages\django\core\servers\basehttp.py[line:124] "GET /interface/user HTTP/1.1" 200 74
2019-03-23 20:40:13,852 INFO     C:\python3.5\lib\site-packages\django\core\servers\basehttp.py[line:124] "GET /interface/user HTTP/1.1" 200 74
2019-03-23 20:44:59,587 INFO     C:\python3.5\lib\site-packages\django\core\servers\basehttp.py[line:124] "GET /interface/user HTTP/1.1" 200 74
2019-03-23 20:45:09,550 INFO     C:\python3.5\lib\site-packages\django\core\servers\basehttp.py[line:124] "GET /interface/user HTTP/1.1" 200 74
2019-03-23 20:46:16,948 INFO     C:\python3.5\lib\site-packages\django\core\servers\basehttp.py[line:124] "GET /interface/user HTTP/1.1" 200 74
2019-03-23 20:50:27,989 INFO     C:\python3.5\lib\site-packages\django\core\servers\basehttp.py[line:124] "OPTIONS /interface/user HTTP/1.1" 200 0
2019-03-23 20:50:28,073 INFO     C:\python3.5\lib\site-packages\django\core\servers\basehttp.py[line:124] "GET /interface/user HTTP/1.1" 200 74
2019-03-23 20:51:49,171 INFO     C:\python3.5\lib\site-packages\django\core\servers\basehttp.py[line:124] "GET /interface/user HTTP/1.1" 200 74
2019-03-23 20:53:18,181 INFO     C:\python3.5\lib\site-packages\django\core\servers\basehttp.py[line:124] "GET /interface/user HTTP/1.1" 200 74
2019-03-23 20:53:21,899 INFO     C:\python3.5\lib\site-packages\django\core\servers\basehttp.py[line:124] "GET /interface/user HTTP/1.1" 200 74
2019-03-23 20:53:39,742 INFO     C:\python3.5\lib\site-packages\django\core\servers\basehttp.py[line:124] "GET /interface/user HTTP/1.1" 200 74
2019-03-23 21:08:02,979 INFO     C:\python3.5\lib\site-packages\django\core\servers\basehttp.py[line:124] "OPTIONS /interface/user HTTP/1.1" 200 0
2019-03-23 21:08:02,999 INFO     C:\python3.5\lib\site-packages\django\core\servers\basehttp.py[line:124] "GET /interface/user HTTP/1.1" 200 74
2019-03-23 21:08:05,551 INFO     C:\python3.5\lib\site-packages\django\core\servers\basehttp.py[line:124] "GET /interface/user HTTP/1.1" 200 74
2019-03-23 21:08:11,687 INFO     C:\python3.5\lib\site-packages\django\core\servers\basehttp.py[line:124] "GET /interface/user HTTP/1.1" 200 74
2019-03-23 21:08:14,809 INFO     C:\python3.5\lib\site-packages\django\core\servers\basehttp.py[line:124] "GET /interface/user HTTP/1.1" 200 74
2019-03-23 21:08:17,186 INFO     C:\python3.5\lib\site-packages\django\core\servers\basehttp.py[line:124] "GET /interface/user HTTP/1.1" 200 74
2019-03-23 21:08:21,328 INFO     C:\python3.5\lib\site-packages\django\core\servers\basehttp.py[line:124] "GET /interface/user HTTP/1.1" 200 74
2019-03-23 21:08:24,523 INFO     C:\python3.5\lib\site-packages\django\core\servers\basehttp.py[line:124] "GET /interface/user HTTP/1.1" 200 74
2019-03-23 21:08:28,483 INFO     C:\python3.5\lib\site-packages\django\core\servers\basehttp.py[line:124] "GET /interface/user HTTP/1.1" 200 74
2019-03-23 21:13:31,520 INFO     C:\python3.5\lib\site-packages\django\core\servers\basehttp.py[line:124] "GET /interface/user HTTP/1.1" 200 74
2019-03-23 21:15:35,591 INFO     C:\python3.5\lib\site-packages\django\core\servers\basehttp.py[line:124] "GET /interface/user HTTP/1.1" 200 74
2019-03-23 21:15:55,392 INFO     C:\python3.5\lib\site-packages\django\core\servers\basehttp.py[line:124] "GET /interface/user HTTP/1.1" 200 74
2019-03-23 21:16:39,847 INFO     C:\python3.5\lib\site-packages\django\core\servers\basehttp.py[line:124] "GET /interface/user HTTP/1.1" 200 74
2019-03-23 21:17:04,495 INFO     C:\python3.5\lib\site-packages\django\core\servers\basehttp.py[line:124] "GET /interface/user HTTP/1.1" 200 74
2019-03-23 21:17:08,479 INFO     C:\python3.5\lib\site-packages\django\core\servers\basehttp.py[line:124] "GET /interface/user HTTP/1.1" 200 74
2019-03-23 21:20:04,631 INFO     C:\python3.5\lib\site-packages\django\core\servers\basehttp.py[line:124] "OPTIONS /interface/user HTTP/1.1" 200 0
2019-03-23 21:20:04,651 INFO     C:\python3.5\lib\site-packages\django\core\servers\basehttp.py[line:124] "GET /interface/user HTTP/1.1" 200 74
2019-03-23 21:23:07,862 INFO     C:\python3.5\lib\site-packages\django\core\servers\basehttp.py[line:124] "GET /interface/user HTTP/1.1" 200 74
2019-03-23 21:23:11,330 INFO     C:\python3.5\lib\site-packages\django\core\servers\basehttp.py[line:124] "GET /interface/user HTTP/1.1" 200 74
2019-03-23 21:23:24,905 INFO     C:\python3.5\lib\site-packages\django\core\servers\basehttp.py[line:124] "GET /interface/user HTTP/1.1" 200 74
2019-03-23 21:23:33,627 INFO     C:\python3.5\lib\site-packages\django\core\servers\basehttp.py[line:124] "GET /interface/user HTTP/1.1" 200 74
2019-03-23 21:23:39,242 INFO     C:\python3.5\lib\site-packages\django\core\servers\basehttp.py[line:124] "GET /interface/user HTTP/1.1" 200 74
2019-03-23 21:24:04,730 INFO     C:\python3.5\lib\site-packages\django\core\servers\basehttp.py[line:124] "GET /interface/user HTTP/1.1" 200 74
2019-03-23 21:48:51,709 INFO     C:\python3.5\lib\site-packages\django\core\servers\basehttp.py[line:124] "OPTIONS /interface/user HTTP/1.1" 200 0
2019-03-23 21:48:51,751 INFO     C:\python3.5\lib\site-packages\django\core\servers\basehttp.py[line:124] "GET /interface/user HTTP/1.1" 200 74
2019-03-23 21:49:24,466 INFO     C:\python3.5\lib\site-packages\django\core\servers\basehttp.py[line:124] "GET /interface/user HTTP/1.1" 200 74
2019-03-23 21:58:24,362 INFO     C:\python3.5\lib\site-packages\django\core\servers\basehttp.py[line:124] "GET /interface/user HTTP/1.1" 200 74
2019-03-23 22:00:01,040 INFO     C:\python3.5\lib\site-packages\django\core\servers\basehttp.py[line:124] "OPTIONS /interface/user HTTP/1.1" 200 0
2019-03-23 22:00:01,066 INFO     C:\python3.5\lib\site-packages\django\core\servers\basehttp.py[line:124] "GET /interface/user HTTP/1.1" 200 74
2019-03-23 22:02:46,159 INFO     C:\python3.5\lib\site-packages\django\core\servers\basehttp.py[line:124] "GET /interface/user HTTP/1.1" 200 74
2019-03-23 22:04:53,215 INFO     C:\python3.5\lib\site-packages\django\core\servers\basehttp.py[line:124] "GET /interface/user HTTP/1.1" 200 74
2019-03-23 22:09:53,976 INFO     C:\python3.5\lib\site-packages\django\core\servers\basehttp.py[line:124] "GET /interface/user HTTP/1.1" 200 74
2019-03-23 22:13:40,541 INFO     C:\python3.5\lib\site-packages\django\core\servers\basehttp.py[line:124] "OPTIONS /interface/user HTTP/1.1" 200 0
2019-03-23 22:13:40,564 INFO     C:\python3.5\lib\site-packages\django\core\servers\basehttp.py[line:124] "GET /interface/user HTTP/1.1" 200 74
2019-03-23 22:19:35,499 INFO     C:\python3.5\lib\site-packages\django\core\servers\basehttp.py[line:124] "GET /interface/user HTTP/1.1" 200 74
2019-03-23 22:20:35,806 INFO     C:\python3.5\lib\site-packages\django\core\servers\basehttp.py[line:124] "GET /interface/user HTTP/1.1" 200 74
2019-03-23 22:27:09,940 INFO     C:\python3.5\lib\site-packages\django\core\servers\basehttp.py[line:124] "OPTIONS /interface/services HTTP/1.1" 200 0
2019-03-23 22:27:09,942 INFO     C:\python3.5\lib\site-packages\django\core\servers\basehttp.py[line:124] "OPTIONS /interface/user HTTP/1.1" 200 0
2019-03-23 22:27:09,967 INFO     C:\python3.5\lib\site-packages\django\core\servers\basehttp.py[line:124] "GET /interface/user HTTP/1.1" 200 74
2019-03-23 22:27:10,129 INFO     C:\python3.5\lib\site-packages\django\core\servers\basehttp.py[line:124] "GET /interface/services HTTP/1.1" 200 75
2019-03-23 22:29:01,729 INFO     C:\python3.5\lib\site-packages\django\core\servers\basehttp.py[line:124] "GET /interface/services HTTP/1.1" 200 44
2019-03-23 22:29:01,730 INFO     C:\python3.5\lib\site-packages\django\core\servers\basehttp.py[line:124] "GET /interface/user HTTP/1.1" 200 74
2019-03-23 22:29:48,365 INFO     C:\python3.5\lib\site-packages\django\core\servers\basehttp.py[line:124] "GET /interface/services HTTP/1.1" 200 44
2019-03-23 22:29:48,368 INFO     C:\python3.5\lib\site-packages\django\core\servers\basehttp.py[line:124] "GET /interface/user HTTP/1.1" 200 74
2019-03-24 10:48:14,557 INFO     C:\python3.5\lib\site-packages\django\core\servers\basehttp.py[line:124] "OPTIONS /interface/services HTTP/1.1" 200 0
2019-03-24 10:48:14,557 INFO     C:\python3.5\lib\site-packages\django\core\servers\basehttp.py[line:124] "OPTIONS /interface/user HTTP/1.1" 200 0
2019-03-24 10:48:14,854 INFO     C:\python3.5\lib\site-packages\django\core\servers\basehttp.py[line:124] "GET /interface/user HTTP/1.1" 200 74
2019-03-24 10:48:14,854 INFO     C:\python3.5\lib\site-packages\django\core\servers\basehttp.py[line:124] "GET /interface/services HTTP/1.1" 200 44
2019-03-24 15:15:29,021 INFO     C:\python3.5\lib\site-packages\django\core\servers\basehttp.py[line:124] "OPTIONS /interface/services HTTP/1.1" 200 0
2019-03-24 15:15:29,031 INFO     C:\python3.5\lib\site-packages\django\core\servers\basehttp.py[line:124] "OPTIONS /interface/user HTTP/1.1" 200 0
2019-03-24 15:15:29,563 INFO     C:\python3.5\lib\site-packages\django\core\servers\basehttp.py[line:124] "GET /interface/services HTTP/1.1" 200 44
2019-03-24 15:15:29,589 INFO     C:\python3.5\lib\site-packages\django\core\servers\basehttp.py[line:124] "GET /interface/user HTTP/1.1" 200 74
2019-03-24 15:25:54,448 INFO     C:\python3.5\lib\site-packages\django\core\servers\basehttp.py[line:124] "OPTIONS /interface/services HTTP/1.1" 200 0
2019-03-24 15:25:54,458 INFO     C:\python3.5\lib\site-packages\django\core\servers\basehttp.py[line:124] "GET /interface/services HTTP/1.1" 200 44
2019-03-24 15:26:08,918 INFO     C:\python3.5\lib\site-packages\django\core\servers\basehttp.py[line:124] "GET /interface/services HTTP/1.1" 200 44
2019-03-24 15:28:10,833 INFO     C:\python3.5\lib\site-packages\django\core\servers\basehttp.py[line:124] "GET /interface/services HTTP/1.1" 200 44
2019-03-24 15:28:18,572 INFO     C:\python3.5\lib\site-packages\django\core\servers\basehttp.py[line:124] "GET /interface/services HTTP/1.1" 200 44
2019-03-24 15:39:12,079 INFO     C:\python3.5\lib\site-packages\django\core\servers\basehttp.py[line:124] "OPTIONS /interface/services HTTP/1.1" 200 0
2019-03-24 15:39:12,088 INFO     C:\python3.5\lib\site-packages\django\core\servers\basehttp.py[line:124] "GET /interface/services HTTP/1.1" 200 44
2019-03-24 15:42:32,758 INFO     C:\python3.5\lib\site-packages\django\core\servers\basehttp.py[line:124] "GET /interface/services HTTP/1.1" 200 44
2019-03-24 15:43:06,399 INFO     C:\python3.5\lib\site-packages\django\core\servers\basehttp.py[line:124] "GET /interface/services HTTP/1.1" 200 44
2019-03-24 15:44:22,233 INFO     C:\python3.5\lib\site-packages\django\core\servers\basehttp.py[line:124] "GET /interface/services HTTP/1.1" 200 44
2019-03-24 15:44:33,538 INFO     C:\python3.5\lib\site-packages\django\core\servers\basehttp.py[line:124] "GET /interface/services HTTP/1.1" 200 44
2019-03-24 15:44:38,307 INFO     C:\python3.5\lib\site-packages\django\core\servers\basehttp.py[line:124] "GET /interface/services HTTP/1.1" 200 44
2019-03-24 15:44:42,027 INFO     C:\python3.5\lib\site-packages\django\core\servers\basehttp.py[line:124] "GET /interface/services HTTP/1.1" 200 44
2019-03-24 15:44:49,733 INFO     C:\python3.5\lib\site-packages\django\core\servers\basehttp.py[line:124] "GET /interface/services HTTP/1.1" 200 44
2019-03-24 15:44:53,988 INFO     C:\python3.5\lib\site-packages\django\core\servers\basehttp.py[line:124] "GET /interface/services HTTP/1.1" 200 44
2019-03-24 15:44:59,560 INFO     C:\python3.5\lib\site-packages\django\core\servers\basehttp.py[line:124] "GET /interface/services HTTP/1.1" 200 44
2019-03-24 15:45:02,760 INFO     C:\python3.5\lib\site-packages\django\core\servers\basehttp.py[line:124] "GET /interface/services HTTP/1.1" 200 44
2019-03-24 15:45:10,487 INFO     C:\python3.5\lib\site-packages\django\core\servers\basehttp.py[line:124] "GET /interface/services HTTP/1.1" 200 44
2019-03-24 15:45:17,944 INFO     C:\python3.5\lib\site-packages\django\core\servers\basehttp.py[line:124] "GET /interface/services HTTP/1.1" 200 44
2019-03-24 15:45:20,574 INFO     C:\python3.5\lib\site-packages\django\core\servers\basehttp.py[line:124] "GET /interface/services HTTP/1.1" 200 44
2019-03-24 15:45:26,284 INFO     C:\python3.5\lib\site-packages\django\core\servers\basehttp.py[line:124] "GET /interface/services HTTP/1.1" 200 44
2019-03-24 15:45:34,910 INFO     C:\python3.5\lib\site-packages\django\core\servers\basehttp.py[line:124] "GET /interface/services HTTP/1.1" 200 44
2019-03-24 15:45:40,478 INFO     C:\python3.5\lib\site-packages\django\core\servers\basehttp.py[line:124] "GET /interface/services HTTP/1.1" 200 44
2019-03-24 15:45:43,554 INFO     C:\python3.5\lib\site-packages\django\core\servers\basehttp.py[line:124] "GET /interface/services HTTP/1.1" 200 44
2019-03-24 15:45:49,395 INFO     C:\python3.5\lib\site-packages\django\core\servers\basehttp.py[line:124] "GET /interface/services HTTP/1.1" 200 44
2019-03-24 15:45:54,798 INFO     C:\python3.5\lib\site-packages\django\core\servers\basehttp.py[line:124] "GET /interface/services HTTP/1.1" 200 44
2019-03-24 15:46:06,894 INFO     C:\python3.5\lib\site-packages\django\core\servers\basehttp.py[line:124] "GET /interface/services HTTP/1.1" 200 44
2019-03-24 15:46:21,446 INFO     C:\python3.5\lib\site-packages\django\core\servers\basehttp.py[line:124] "GET /interface/services HTTP/1.1" 200 44
2019-03-24 15:46:38,267 INFO     C:\python3.5\lib\site-packages\django\core\servers\basehttp.py[line:124] "GET /interface/services HTTP/1.1" 200 44
2019-03-24 15:46:45,617 INFO     C:\python3.5\lib\site-packages\django\core\servers\basehttp.py[line:124] "GET /interface/services HTTP/1.1" 200 44
2019-03-24 15:46:54,440 INFO     C:\python3.5\lib\site-packages\django\core\servers\basehttp.py[line:124] "GET /interface/services HTTP/1.1" 200 44
2019-03-24 15:47:13,561 INFO     C:\python3.5\lib\site-packages\django\core\servers\basehttp.py[line:124] "GET /interface/services HTTP/1.1" 200 44
2019-03-24 15:47:37,848 INFO     C:\python3.5\lib\site-packages\django\core\servers\basehttp.py[line:124] "GET /interface/services HTTP/1.1" 200 44
2019-03-24 15:48:03,347 INFO     C:\python3.5\lib\site-packages\django\core\servers\basehttp.py[line:124] "GET /interface/services HTTP/1.1" 200 44
2019-03-24 15:48:15,400 INFO     C:\python3.5\lib\site-packages\django\core\servers\basehttp.py[line:124] "GET /interface/services HTTP/1.1" 200 44
2019-03-24 15:48:30,771 INFO     C:\python3.5\lib\site-packages\django\core\servers\basehttp.py[line:124] "GET /interface/services HTTP/1.1" 200 44
2019-03-24 15:49:09,779 INFO     C:\python3.5\lib\site-packages\django\core\servers\basehttp.py[line:124] "GET /interface/services HTTP/1.1" 200 44
2019-03-24 15:51:51,581 INFO     C:\python3.5\lib\site-packages\django\core\servers\basehttp.py[line:124] "OPTIONS /interface/services HTTP/1.1" 200 0
2019-03-24 15:51:51,594 INFO     C:\python3.5\lib\site-packages\django\core\servers\basehttp.py[line:124] "GET /interface/services HTTP/1.1" 200 44
2019-03-24 15:52:03,643 INFO     C:\python3.5\lib\site-packages\django\core\servers\basehttp.py[line:124] "GET /interface/services HTTP/1.1" 200 44
2019-03-24 15:53:48,973 INFO     C:\python3.5\lib\site-packages\django\core\servers\basehttp.py[line:124] "GET /interface/services HTTP/1.1" 200 44
2019-03-24 15:54:57,355 INFO     C:\python3.5\lib\site-packages\django\core\servers\basehttp.py[line:124] "GET /interface/services HTTP/1.1" 200 44
2019-03-24 15:55:04,214 INFO     C:\python3.5\lib\site-packages\django\core\servers\basehttp.py[line:124] "GET /interface/services HTTP/1.1" 200 44
2019-03-24 15:55:24,140 INFO     C:\python3.5\lib\site-packages\django\core\servers\basehttp.py[line:124] "OPTIONS /interface/user HTTP/1.1" 200 0
2019-03-24 15:55:24,143 INFO     C:\python3.5\lib\site-packages\django\core\servers\basehttp.py[line:124] "GET /interface/services HTTP/1.1" 200 44
2019-03-24 15:55:24,169 INFO     C:\python3.5\lib\site-packages\django\core\servers\basehttp.py[line:124] "GET /interface/user HTTP/1.1" 200 74
2019-03-24 16:05:41,105 INFO     C:\python3.5\lib\site-packages\django\core\servers\basehttp.py[line:124] "OPTIONS /interface/services HTTP/1.1" 200 0
2019-03-24 16:05:41,115 INFO     C:\python3.5\lib\site-packages\django\core\servers\basehttp.py[line:124] "GET /interface/services HTTP/1.1" 200 44
2019-03-24 16:05:46,968 INFO     C:\python3.5\lib\site-packages\django\core\servers\basehttp.py[line:124] "GET /interface/services HTTP/1.1" 200 44
2019-03-24 16:05:53,186 INFO     C:\python3.5\lib\site-packages\django\core\servers\basehttp.py[line:124] "GET /interface/services HTTP/1.1" 200 44
2019-03-24 16:05:56,553 INFO     C:\python3.5\lib\site-packages\django\core\servers\basehttp.py[line:124] "GET /interface/services HTTP/1.1" 200 44
2019-03-24 16:06:00,880 INFO     C:\python3.5\lib\site-packages\django\core\servers\basehttp.py[line:124] "GET /interface/services HTTP/1.1" 200 44
2019-03-24 16:06:04,864 INFO     C:\python3.5\lib\site-packages\django\core\servers\basehttp.py[line:124] "GET /interface/services HTTP/1.1" 200 44
2019-03-24 16:06:09,415 INFO     C:\python3.5\lib\site-packages\django\core\servers\basehttp.py[line:124] "GET /interface/services HTTP/1.1" 200 44
2019-03-24 16:06:15,967 INFO     C:\python3.5\lib\site-packages\django\core\servers\basehttp.py[line:124] "GET /interface/services HTTP/1.1" 200 44
2019-03-24 16:06:19,303 INFO     C:\python3.5\lib\site-packages\django\core\servers\basehttp.py[line:124] "GET /interface/services HTTP/1.1" 200 44
2019-03-24 16:06:34,801 INFO     C:\python3.5\lib\site-packages\django\core\servers\basehttp.py[line:124] "GET /interface/services HTTP/1.1" 200 44
2019-03-24 16:06:51,553 INFO     C:\python3.5\lib\site-packages\django\core\servers\basehttp.py[line:124] "GET /interface/services HTTP/1.1" 200 44
2019-03-24 16:07:10,999 INFO     C:\python3.5\lib\site-packages\django\core\servers\basehttp.py[line:124] "GET /interface/services HTTP/1.1" 200 44
2019-03-24 16:07:15,131 INFO     C:\python3.5\lib\site-packages\django\core\servers\basehttp.py[line:124] "GET /interface/services HTTP/1.1" 200 44
2019-03-24 16:07:30,036 INFO     C:\python3.5\lib\site-packages\django\core\servers\basehttp.py[line:124] "GET /interface/services HTTP/1.1" 200 44
2019-03-24 16:07:33,870 INFO     C:\python3.5\lib\site-packages\django\core\servers\basehttp.py[line:124] "GET /interface/services HTTP/1.1" 200 44
2019-03-24 16:07:42,633 INFO     C:\python3.5\lib\site-packages\django\core\servers\basehttp.py[line:124] "GET /interface/services HTTP/1.1" 200 44
2019-03-24 16:07:51,834 INFO     C:\python3.5\lib\site-packages\django\core\servers\basehttp.py[line:124] "GET /interface/services HTTP/1.1" 200 44
2019-03-24 16:07:55,409 INFO     C:\python3.5\lib\site-packages\django\core\servers\basehttp.py[line:124] "GET /interface/services HTTP/1.1" 200 44
2019-03-24 16:08:29,469 INFO     C:\python3.5\lib\site-packages\django\core\servers\basehttp.py[line:124] "GET /interface/services HTTP/1.1" 200 44
2019-03-24 16:08:48,376 INFO     C:\python3.5\lib\site-packages\django\core\servers\basehttp.py[line:124] "GET /interface/services HTTP/1.1" 200 44
2019-03-24 16:09:40,686 INFO     C:\python3.5\lib\site-packages\django\core\servers\basehttp.py[line:124] "GET /interface/services HTTP/1.1" 200 44
2019-03-24 16:09:43,521 INFO     C:\python3.5\lib\site-packages\django\core\servers\basehttp.py[line:124] "GET /interface/services HTTP/1.1" 200 44
2019-03-24 16:09:47,481 INFO     C:\python3.5\lib\site-packages\django\core\servers\basehttp.py[line:124] "GET /interface/services HTTP/1.1" 200 44
2019-03-24 16:09:52,301 INFO     C:\python3.5\lib\site-packages\django\core\servers\basehttp.py[line:124] "GET /interface/services HTTP/1.1" 200 44
2019-03-24 16:09:55,074 INFO     C:\python3.5\lib\site-packages\django\core\servers\basehttp.py[line:124] "GET /interface/services HTTP/1.1" 200 44
2019-03-24 16:09:59,450 INFO     C:\python3.5\lib\site-packages\django\core\servers\basehttp.py[line:124] "GET /interface/services HTTP/1.1" 200 44
2019-03-24 16:10:02,665 INFO     C:\python3.5\lib\site-packages\django\core\servers\basehttp.py[line:124] "GET /interface/services HTTP/1.1" 200 44
2019-03-24 16:10:39,469 INFO     C:\python3.5\lib\site-packages\django\core\servers\basehttp.py[line:124] "GET /interface/services HTTP/1.1" 200 44
2019-03-24 16:10:59,882 INFO     C:\python3.5\lib\site-packages\django\core\servers\basehttp.py[line:124] "OPTIONS /interface/user HTTP/1.1" 200 0
2019-03-24 16:10:59,885 INFO     C:\python3.5\lib\site-packages\django\core\servers\basehttp.py[line:124] "GET /interface/services HTTP/1.1" 200 44
2019-03-24 16:10:59,904 INFO     C:\python3.5\lib\site-packages\django\core\servers\basehttp.py[line:124] "GET /interface/user HTTP/1.1" 200 74
2019-03-24 16:11:12,942 INFO     C:\python3.5\lib\site-packages\django\core\servers\basehttp.py[line:124] "GET /interface/services HTTP/1.1" 200 44
2019-03-24 16:11:12,945 INFO     C:\python3.5\lib\site-packages\django\core\servers\basehttp.py[line:124] "GET /interface/user HTTP/1.1" 200 74
2019-03-24 16:12:31,386 INFO     C:\python3.5\lib\site-packages\django\core\servers\basehttp.py[line:124] "GET /interface/services HTTP/1.1" 200 44
2019-03-24 16:12:56,019 INFO     C:\python3.5\lib\site-packages\django\core\servers\basehttp.py[line:124] "GET /interface/services HTTP/1.1" 200 44
2019-03-24 16:13:15,721 INFO     C:\python3.5\lib\site-packages\django\core\servers\basehttp.py[line:124] "GET /interface/services HTTP/1.1" 200 44
2019-03-24 16:13:18,959 INFO     C:\python3.5\lib\site-packages\django\core\servers\basehttp.py[line:124] "GET /interface/services HTTP/1.1" 200 44
2019-03-24 16:13:25,589 INFO     C:\python3.5\lib\site-packages\django\core\servers\basehttp.py[line:124] "GET /interface/services HTTP/1.1" 200 44
2019-03-24 16:13:29,580 INFO     C:\python3.5\lib\site-packages\django\core\servers\basehttp.py[line:124] "GET /interface/services HTTP/1.1" 200 44
2019-03-24 16:13:33,495 INFO     C:\python3.5\lib\site-packages\django\core\servers\basehttp.py[line:124] "GET /interface/services HTTP/1.1" 200 44
2019-03-24 16:13:48,004 INFO     C:\python3.5\lib\site-packages\django\core\servers\basehttp.py[line:124] "GET /interface/services HTTP/1.1" 200 44
2019-03-24 16:13:53,334 INFO     C:\python3.5\lib\site-packages\django\core\servers\basehttp.py[line:124] "GET /interface/services HTTP/1.1" 200 44
2019-03-24 16:13:56,965 INFO     C:\python3.5\lib\site-packages\django\core\servers\basehttp.py[line:124] "GET /interface/services HTTP/1.1" 200 44
2019-03-24 16:16:22,161 INFO     C:\python3.5\lib\site-packages\django\core\servers\basehttp.py[line:124] "OPTIONS /interface/services HTTP/1.1" 200 0
2019-03-24 16:16:22,166 INFO     C:\python3.5\lib\site-packages\django\core\servers\basehttp.py[line:124] "GET /interface/services HTTP/1.1" 200 44
2019-03-24 16:16:31,896 INFO     C:\python3.5\lib\site-packages\django\core\servers\basehttp.py[line:124] "GET /interface/services HTTP/1.1" 200 44
2019-03-24 16:17:24,287 INFO     C:\python3.5\lib\site-packages\django\core\servers\basehttp.py[line:124] "GET /interface/services HTTP/1.1" 200 44
2019-03-24 16:17:39,583 INFO     C:\python3.5\lib\site-packages\django\core\servers\basehttp.py[line:124] "GET /interface/services HTTP/1.1" 200 44
2019-03-24 16:17:52,918 INFO     C:\python3.5\lib\site-packages\django\core\servers\basehttp.py[line:124] "GET /interface/services HTTP/1.1" 200 44
2019-03-24 16:18:36,111 INFO     C:\python3.5\lib\site-packages\django\core\servers\basehttp.py[line:124] "GET /interface/services HTTP/1.1" 200 44
2019-03-24 16:19:06,648 INFO     C:\python3.5\lib\site-packages\django\core\servers\basehttp.py[line:124] "GET /interface/services HTTP/1.1" 200 44
2019-03-24 16:19:32,840 INFO     C:\python3.5\lib\site-packages\django\core\servers\basehttp.py[line:124] "GET /interface/services HTTP/1.1" 200 44
2019-03-24 16:25:14,462 INFO     C:\python3.5\lib\site-packages\django\core\servers\basehttp.py[line:124] "OPTIONS /interface/user HTTP/1.1" 200 0
2019-03-24 16:25:14,465 INFO     C:\python3.5\lib\site-packages\django\core\servers\basehttp.py[line:124] "GET /interface/services HTTP/1.1" 200 44
2019-03-24 16:25:14,490 INFO     C:\python3.5\lib\site-packages\django\core\servers\basehttp.py[line:124] "GET /interface/user HTTP/1.1" 200 74
2019-03-24 16:25:18,176 INFO     C:\python3.5\lib\site-packages\django\core\servers\basehttp.py[line:124] "GET /interface/services HTTP/1.1" 200 44
2019-03-24 16:25:22,862 INFO     C:\python3.5\lib\site-packages\django\core\servers\basehttp.py[line:124] "GET /interface/services HTTP/1.1" 200 44
2019-03-24 16:25:42,735 INFO     C:\python3.5\lib\site-packages\django\core\servers\basehttp.py[line:124] "GET /interface/services HTTP/1.1" 200 44
2019-03-24 16:26:17,726 INFO     C:\python3.5\lib\site-packages\django\core\servers\basehttp.py[line:124] "GET /interface/services HTTP/1.1" 200 44
2019-03-24 16:26:37,542 INFO     C:\python3.5\lib\site-packages\django\core\servers\basehttp.py[line:124] "OPTIONS /interface/services HTTP/1.1" 200 0
2019-03-24 16:26:37,563 INFO     C:\python3.5\lib\site-packages\django\core\servers\basehttp.py[line:124] "GET /interface/services HTTP/1.1" 200 44
2019-03-24 16:27:39,644 INFO     C:\python3.5\lib\site-packages\django\core\servers\basehttp.py[line:124] "GET /interface/services HTTP/1.1" 200 44
2019-03-24 16:27:44,755 INFO     C:\python3.5\lib\site-packages\django\core\servers\basehttp.py[line:124] "GET /interface/services HTTP/1.1" 200 44
2019-03-24 16:27:57,168 INFO     C:\python3.5\lib\site-packages\django\core\servers\basehttp.py[line:124] "GET /interface/services HTTP/1.1" 200 44
2019-03-24 16:28:12,776 INFO     C:\python3.5\lib\site-packages\django\core\servers\basehttp.py[line:124] "GET /interface/services HTTP/1.1" 200 44
2019-03-24 16:28:36,797 INFO     C:\python3.5\lib\site-packages\django\core\servers\basehttp.py[line:124] "GET /interface/services HTTP/1.1" 200 44
2019-03-24 16:28:40,816 INFO     C:\python3.5\lib\site-packages\django\core\servers\basehttp.py[line:124] "GET /interface/services HTTP/1.1" 200 44
2019-03-24 16:28:45,630 INFO     C:\python3.5\lib\site-packages\django\core\servers\basehttp.py[line:124] "GET /interface/services HTTP/1.1" 200 44
2019-03-24 16:28:47,847 INFO     C:\python3.5\lib\site-packages\django\core\servers\basehttp.py[line:124] "GET /interface/services HTTP/1.1" 200 44
2019-03-24 16:28:51,442 INFO     C:\python3.5\lib\site-packages\django\core\servers\basehttp.py[line:124] "GET /interface/services HTTP/1.1" 200 44
2019-03-24 16:30:13,084 INFO     C:\python3.5\lib\site-packages\django\core\servers\basehttp.py[line:124] "GET /interface/services HTTP/1.1" 200 44
2019-03-24 16:30:21,721 INFO     C:\python3.5\lib\site-packages\django\core\servers\basehttp.py[line:124] "GET /interface/services HTTP/1.1" 200 44
2019-03-24 16:32:14,831 INFO     C:\python3.5\lib\site-packages\django\core\servers\basehttp.py[line:124] "GET /interface/services HTTP/1.1" 200 44
2019-03-24 16:32:49,852 INFO     C:\python3.5\lib\site-packages\django\core\servers\basehttp.py[line:124] "GET /interface/services HTTP/1.1" 200 44
2019-03-24 16:33:15,666 INFO     C:\python3.5\lib\site-packages\django\core\servers\basehttp.py[line:124] "GET /interface/services HTTP/1.1" 200 44
2019-03-24 16:33:15,845 INFO     C:\python3.5\lib\site-packages\django\core\servers\basehttp.py[line:124] "GET /interface/user HTTP/1.1" 200 70
2019-03-24 16:33:25,604 INFO     C:\python3.5\lib\site-packages\django\core\servers\basehttp.py[line:124] "PUT /interface/user HTTP/1.1" 200 75
2019-03-24 16:33:31,655 INFO     C:\python3.5\lib\site-packages\django\core\servers\basehttp.py[line:124] "POST /interface/user HTTP/1.1" 200 75
2019-03-24 16:34:04,107 INFO     C:\python3.5\lib\site-packages\django\core\servers\basehttp.py[line:124] "GET /interface/services HTTP/1.1" 200 44
2019-03-24 16:34:04,118 INFO     C:\python3.5\lib\site-packages\django\core\servers\basehttp.py[line:124] "GET /interface/user HTTP/1.1" 200 70
2019-03-24 16:34:12,964 INFO     C:\python3.5\lib\site-packages\django\core\servers\basehttp.py[line:124] "PUT /interface/user HTTP/1.1" 200 89
2019-03-24 16:34:23,922 INFO     C:\python3.5\lib\site-packages\django\core\servers\basehttp.py[line:124] "GET /interface/services HTTP/1.1" 200 44
2019-03-24 16:34:23,925 INFO     C:\python3.5\lib\site-packages\django\core\servers\basehttp.py[line:124] "GET /interface/user HTTP/1.1" 200 74
2019-03-24 16:34:45,322 INFO     C:\python3.5\lib\site-packages\django\core\servers\basehttp.py[line:124] "POST /interface/user HTTP/1.1" 200 89
2019-03-24 16:34:50,430 INFO     C:\python3.5\lib\site-packages\django\core\servers\basehttp.py[line:124] "GET /interface/services HTTP/1.1" 200 44
2019-03-24 16:34:50,432 INFO     C:\python3.5\lib\site-packages\django\core\servers\basehttp.py[line:124] "GET /interface/user HTTP/1.1" 200 74
2019-03-24 16:35:01,116 INFO     C:\python3.5\lib\site-packages\django\core\servers\basehttp.py[line:124] "POST /interface/services HTTP/1.1" 200 44
2019-03-24 16:35:01,126 INFO     C:\python3.5\lib\site-packages\django\core\servers\basehttp.py[line:124] "GET /interface/services HTTP/1.1" 200 127
2019-03-24 16:35:12,075 INFO     C:\python3.5\lib\site-packages\django\core\servers\basehttp.py[line:124] "POST /interface/services HTTP/1.1" 200 44
2019-03-24 16:35:12,085 INFO     C:\python3.5\lib\site-packages\django\core\servers\basehttp.py[line:124] "GET /interface/services HTTP/1.1" 200 213
2019-03-24 16:38:44,272 INFO     C:\python3.5\lib\site-packages\django\core\servers\basehttp.py[line:124] "OPTIONS /interface/services HTTP/1.1" 200 0
2019-03-24 16:38:44,274 INFO     C:\python3.5\lib\site-packages\django\core\servers\basehttp.py[line:124] "OPTIONS /interface/user HTTP/1.1" 200 0
2019-03-24 16:38:44,304 INFO     C:\python3.5\lib\site-packages\django\core\servers\basehttp.py[line:124] "GET /interface/services HTTP/1.1" 200 213
2019-03-24 16:38:44,306 INFO     C:\python3.5\lib\site-packages\django\core\servers\basehttp.py[line:124] "GET /interface/user HTTP/1.1" 200 74
2019-03-24 16:39:57,100 INFO     C:\python3.5\lib\site-packages\django\core\servers\basehttp.py[line:124] "GET /interface/services HTTP/1.1" 200 213
2019-03-24 16:41:36,605 INFO     C:\python3.5\lib\site-packages\django\core\servers\basehttp.py[line:124] "GET /interface/services HTTP/1.1" 200 213
2019-03-24 16:41:52,881 INFO     C:\python3.5\lib\site-packages\django\core\servers\basehttp.py[line:124] "GET /interface/services HTTP/1.1" 200 213
2019-03-24 16:41:56,858 INFO     C:\python3.5\lib\site-packages\django\core\servers\basehttp.py[line:124] "GET /interface/services HTTP/1.1" 200 213
2019-03-24 16:42:02,477 INFO     C:\python3.5\lib\site-packages\django\core\servers\basehttp.py[line:124] "GET /interface/services HTTP/1.1" 200 213
2019-03-24 16:42:08,243 INFO     C:\python3.5\lib\site-packages\django\core\servers\basehttp.py[line:124] "GET /interface/services HTTP/1.1" 200 213
2019-03-24 16:42:11,450 INFO     C:\python3.5\lib\site-packages\django\core\servers\basehttp.py[line:124] "GET /interface/services HTTP/1.1" 200 213
2019-03-24 16:42:48,547 INFO     C:\python3.5\lib\site-packages\django\core\servers\basehttp.py[line:124] "GET /interface/services HTTP/1.1" 200 213
2019-03-24 16:42:52,432 INFO     C:\python3.5\lib\site-packages\django\core\servers\basehttp.py[line:124] "GET /interface/services HTTP/1.1" 200 213
2019-03-24 16:47:03,479 INFO     C:\python3.5\lib\site-packages\django\core\servers\basehttp.py[line:124] "GET /interface/services HTTP/1.1" 200 213
2019-03-24 16:47:28,587 INFO     C:\python3.5\lib\site-packages\django\core\servers\basehttp.py[line:124] "GET /interface/services HTTP/1.1" 200 213
2019-03-24 16:53:26,106 INFO     C:\python3.5\lib\site-packages\django\core\servers\basehttp.py[line:124] "OPTIONS /interface/services HTTP/1.1" 200 0
2019-03-24 16:53:26,120 INFO     C:\python3.5\lib\site-packages\django\core\servers\basehttp.py[line:124] "GET /interface/services HTTP/1.1" 200 213
2019-03-24 16:58:00,812 INFO     C:\python3.5\lib\site-packages\django\core\servers\basehttp.py[line:124] "GET /interface/services HTTP/1.1" 200 213
2019-03-24 16:58:19,355 INFO     C:\python3.5\lib\site-packages\django\core\servers\basehttp.py[line:124] "GET /interface/services HTTP/1.1" 200 213
2019-03-24 16:58:33,873 INFO     C:\python3.5\lib\site-packages\django\core\servers\basehttp.py[line:124] "GET /interface/services HTTP/1.1" 200 213
2019-03-24 16:58:50,926 INFO     C:\python3.5\lib\site-packages\django\core\servers\basehttp.py[line:124] "GET /interface/services HTTP/1.1" 200 213
2019-03-24 16:59:04,458 INFO     C:\python3.5\lib\site-packages\django\core\servers\basehttp.py[line:124] "GET /interface/services HTTP/1.1" 200 213
2019-03-24 16:59:14,260 INFO     C:\python3.5\lib\site-packages\django\core\servers\basehttp.py[line:124] "GET /interface/services HTTP/1.1" 200 213
2019-03-24 16:59:27,138 INFO     C:\python3.5\lib\site-packages\django\core\servers\basehttp.py[line:124] "GET /interface/services HTTP/1.1" 200 213
2019-03-24 17:00:43,106 INFO     C:\python3.5\lib\site-packages\django\core\servers\basehttp.py[line:124] "GET /interface/services HTTP/1.1" 200 213
2019-03-24 17:01:28,156 INFO     C:\python3.5\lib\site-packages\django\core\servers\basehttp.py[line:124] "OPTIONS /interface/user HTTP/1.1" 200 0
2019-03-24 17:01:28,161 INFO     C:\python3.5\lib\site-packages\django\core\servers\basehttp.py[line:124] "GET /interface/services HTTP/1.1" 200 213
2019-03-24 17:01:28,180 INFO     C:\python3.5\lib\site-packages\django\core\servers\basehttp.py[line:124] "GET /interface/user HTTP/1.1" 200 74
2019-03-24 17:01:41,934 INFO     C:\python3.5\lib\site-packages\django\core\servers\basehttp.py[line:124] "POST /interface/services HTTP/1.1" 200 44
2019-03-24 17:01:41,943 INFO     C:\python3.5\lib\site-packages\django\core\servers\basehttp.py[line:124] "GET /interface/services HTTP/1.1" 200 302
2019-03-24 17:02:08,824 INFO     C:\python3.5\lib\site-packages\django\core\servers\basehttp.py[line:124] "POST /interface/services HTTP/1.1" 200 44
2019-03-24 17:02:08,834 INFO     C:\python3.5\lib\site-packages\django\core\servers\basehttp.py[line:124] "GET /interface/services HTTP/1.1" 200 391
2019-03-24 17:03:36,381 INFO     C:\python3.5\lib\site-packages\django\core\servers\basehttp.py[line:124] "OPTIONS /interface/services HTTP/1.1" 200 0
2019-03-24 17:03:36,386 INFO     C:\python3.5\lib\site-packages\django\core\servers\basehttp.py[line:124] "GET /interface/user HTTP/1.1" 200 74
2019-03-24 17:03:36,404 INFO     C:\python3.5\lib\site-packages\django\core\servers\basehttp.py[line:124] "GET /interface/services HTTP/1.1" 200 391
2019-03-24 17:03:44,717 INFO     C:\python3.5\lib\site-packages\django\core\servers\basehttp.py[line:124] "GET /interface/services HTTP/1.1" 200 391
2019-03-24 17:04:06,931 INFO     C:\python3.5\lib\site-packages\django\core\servers\basehttp.py[line:124] "GET /interface/services HTTP/1.1" 200 391
2019-03-24 17:04:29,096 INFO     C:\python3.5\lib\site-packages\django\core\servers\basehttp.py[line:124] "GET /interface/services HTTP/1.1" 200 391
2019-03-24 17:04:35,032 INFO     C:\python3.5\lib\site-packages\django\core\servers\basehttp.py[line:124] "GET /interface/services HTTP/1.1" 200 391
2019-03-24 17:05:10,981 INFO     C:\python3.5\lib\site-packages\django\core\servers\basehttp.py[line:124] "GET /interface/services HTTP/1.1" 200 391
2019-03-24 17:06:00,707 INFO     C:\python3.5\lib\site-packages\django\core\servers\basehttp.py[line:124] "GET /interface/services HTTP/1.1" 200 391
2019-03-24 17:06:33,193 INFO     C:\python3.5\lib\site-packages\django\core\servers\basehttp.py[line:124] "GET /interface/services HTTP/1.1" 200 391
2019-03-24 17:07:38,229 INFO     C:\python3.5\lib\site-packages\django\core\servers\basehttp.py[line:124] "GET /interface/services HTTP/1.1" 200 391
2019-03-24 17:07:44,375 INFO     C:\python3.5\lib\site-packages\django\core\servers\basehttp.py[line:124] "GET /interface/services HTTP/1.1" 200 391
2019-03-24 17:07:44,375 INFO     C:\python3.5\lib\site-packages\django\core\servers\basehttp.py[line:124] "GET /interface/user HTTP/1.1" 200 74
2019-03-24 17:07:59,493 INFO     C:\python3.5\lib\site-packages\django\core\servers\basehttp.py[line:124] "POST /interface/services HTTP/1.1" 200 44
2019-03-24 17:07:59,502 INFO     C:\python3.5\lib\site-packages\django\core\servers\basehttp.py[line:124] "GET /interface/services HTTP/1.1" 200 482
2019-03-24 17:08:19,098 INFO     C:\python3.5\lib\site-packages\django\core\servers\basehttp.py[line:124] "POST /interface/services HTTP/1.1" 200 44
2019-03-24 17:08:19,107 INFO     C:\python3.5\lib\site-packages\django\core\servers\basehttp.py[line:124] "GET /interface/services HTTP/1.1" 200 569
2019-03-24 17:08:33,109 INFO     C:\python3.5\lib\site-packages\django\core\servers\basehttp.py[line:124] "POST /interface/services HTTP/1.1" 200 44
2019-03-24 17:08:33,125 INFO     C:\python3.5\lib\site-packages\django\core\servers\basehttp.py[line:124] "GET /interface/services HTTP/1.1" 200 658
2019-03-24 17:10:28,819 INFO     C:\python3.5\lib\site-packages\django\core\servers\basehttp.py[line:124] "GET /interface/services HTTP/1.1" 200 658
2019-03-24 17:10:57,872 INFO     C:\python3.5\lib\site-packages\django\core\servers\basehttp.py[line:124] "GET /interface/services HTTP/1.1" 200 658
2019-03-24 17:11:38,718 INFO     C:\python3.5\lib\site-packages\django\core\servers\basehttp.py[line:124] "GET /interface/services HTTP/1.1" 200 658
2019-03-24 17:11:44,758 INFO     C:\python3.5\lib\site-packages\django\core\servers\basehttp.py[line:124] "GET /interface/services HTTP/1.1" 200 658
2019-03-24 17:12:17,566 INFO     C:\python3.5\lib\site-packages\django\core\servers\basehttp.py[line:124] "GET /interface/services HTTP/1.1" 200 658
2019-03-24 17:12:21,862 INFO     C:\python3.5\lib\site-packages\django\core\servers\basehttp.py[line:124] "GET /interface/services HTTP/1.1" 200 658
2019-03-24 17:12:40,074 INFO     C:\python3.5\lib\site-packages\django\core\servers\basehttp.py[line:124] "GET /interface/services HTTP/1.1" 200 658
2019-03-24 17:13:10,389 INFO     C:\python3.5\lib\site-packages\django\core\servers\basehttp.py[line:124] "GET /interface/services HTTP/1.1" 200 658
2019-03-24 17:14:17,618 INFO     C:\python3.5\lib\site-packages\django\core\servers\basehttp.py[line:124] "OPTIONS /interface/services HTTP/1.1" 200 0
2019-03-24 17:14:17,641 INFO     C:\python3.5\lib\site-packages\django\core\servers\basehttp.py[line:124] "GET /interface/services HTTP/1.1" 200 658
2019-03-24 17:14:32,256 INFO     C:\python3.5\lib\site-packages\django\core\servers\basehttp.py[line:124] "GET /interface/services HTTP/1.1" 200 658
2019-03-24 17:15:34,571 INFO     C:\python3.5\lib\site-packages\django\core\servers\basehttp.py[line:124] "OPTIONS /interface/user HTTP/1.1" 200 0
2019-03-24 17:15:34,577 INFO     C:\python3.5\lib\site-packages\django\core\servers\basehttp.py[line:124] "GET /interface/services HTTP/1.1" 200 658
2019-03-24 17:15:34,594 INFO     C:\python3.5\lib\site-packages\django\core\servers\basehttp.py[line:124] "GET /interface/user HTTP/1.1" 200 74
2019-03-24 17:15:36,969 INFO     C:\python3.5\lib\site-packages\django\core\servers\basehttp.py[line:124] "OPTIONS /interface/services5 HTTP/1.1" 200 0
2019-03-24 17:15:37,118 WARNING  C:\python3.5\lib\site-packages\django\utils\log.py[line:228] Not Found: /interface/services5
2019-03-24 17:15:37,119 WARNING  C:\python3.5\lib\site-packages\django\core\servers\basehttp.py[line:124] "DELETE /interface/services5 HTTP/1.1" 404 2511
2019-03-24 17:15:39,212 WARNING  C:\python3.5\lib\site-packages\django\utils\log.py[line:228] Not Found: /interface/services5
2019-03-24 17:15:39,213 WARNING  C:\python3.5\lib\site-packages\django\core\servers\basehttp.py[line:124] "DELETE /interface/services5 HTTP/1.1" 404 2511
2019-03-24 17:15:41,657 INFO     C:\python3.5\lib\site-packages\django\core\servers\basehttp.py[line:124] "GET /interface/services HTTP/1.1" 200 658
2019-03-24 17:15:41,658 INFO     C:\python3.5\lib\site-packages\django\core\servers\basehttp.py[line:124] "GET /interface/user HTTP/1.1" 200 74
2019-03-24 17:15:43,973 WARNING  C:\python3.5\lib\site-packages\django\utils\log.py[line:228] Not Found: /interface/services5
2019-03-24 17:15:43,974 WARNING  C:\python3.5\lib\site-packages\django\core\servers\basehttp.py[line:124] "DELETE /interface/services5 HTTP/1.1" 404 2511
2019-03-24 17:17:37,639 INFO     C:\python3.5\lib\site-packages\django\core\servers\basehttp.py[line:124] "GET /interface/services HTTP/1.1" 200 658
2019-03-24 17:17:37,639 INFO     C:\python3.5\lib\site-packages\django\core\servers\basehttp.py[line:124] "GET /interface/user HTTP/1.1" 200 74
2019-03-24 17:17:39,542 WARNING  C:\python3.5\lib\site-packages\django\utils\log.py[line:228] Not Found: /interface/services5
2019-03-24 17:17:39,543 WARNING  C:\python3.5\lib\site-packages\django\core\servers\basehttp.py[line:124] "DELETE /interface/services5 HTTP/1.1" 404 2511
2019-03-24 17:17:41,753 INFO     C:\python3.5\lib\site-packages\django\core\servers\basehttp.py[line:124] "OPTIONS /interface/services7 HTTP/1.1" 200 0
2019-03-24 17:17:41,761 WARNING  C:\python3.5\lib\site-packages\django\utils\log.py[line:228] Not Found: /interface/services7
2019-03-24 17:17:41,762 WARNING  C:\python3.5\lib\site-packages\django\core\servers\basehttp.py[line:124] "DELETE /interface/services7 HTTP/1.1" 404 2511
2019-03-24 17:17:44,400 INFO     C:\python3.5\lib\site-packages\django\core\servers\basehttp.py[line:124] "OPTIONS /interface/services4 HTTP/1.1" 200 0
2019-03-24 17:17:44,407 WARNING  C:\python3.5\lib\site-packages\django\utils\log.py[line:228] Not Found: /interface/services4
2019-03-24 17:17:44,408 WARNING  C:\python3.5\lib\site-packages\django\core\servers\basehttp.py[line:124] "DELETE /interface/services4 HTTP/1.1" 404 2511
2019-03-24 17:23:09,234 INFO     C:\python3.5\lib\site-packages\django\core\servers\basehttp.py[line:124] "GET /interface/user HTTP/1.1" 200 74
2019-03-24 17:23:09,234 INFO     C:\python3.5\lib\site-packages\django\core\servers\basehttp.py[line:124] "GET /interface/services HTTP/1.1" 200 658
2019-03-24 17:23:31,493 INFO     C:\python3.5\lib\site-packages\django\core\servers\basehttp.py[line:124] "GET /interface/user HTTP/1.1" 200 74
2019-03-24 17:23:31,495 INFO     C:\python3.5\lib\site-packages\django\core\servers\basehttp.py[line:124] "GET /interface/services HTTP/1.1" 200 658
2019-03-24 17:23:34,760 INFO     C:\python3.5\lib\site-packages\django\core\servers\basehttp.py[line:124] "OPTIONS /interface/services3 HTTP/1.1" 200 0
2019-03-24 17:23:34,768 WARNING  C:\python3.5\lib\site-packages\django\utils\log.py[line:228] Not Found: /interface/services3
2019-03-24 17:23:34,769 WARNING  C:\python3.5\lib\site-packages\django\core\servers\basehttp.py[line:124] "DELETE /interface/services3 HTTP/1.1" 404 2511
2019-03-24 17:23:37,245 WARNING  C:\python3.5\lib\site-packages\django\utils\log.py[line:228] Not Found: /interface/services3
2019-03-24 17:23:37,246 WARNING  C:\python3.5\lib\site-packages\django\core\servers\basehttp.py[line:124] "DELETE /interface/services3 HTTP/1.1" 404 2511
2019-03-24 17:23:47,602 WARNING  C:\python3.5\lib\site-packages\django\utils\log.py[line:228] Not Found: /interface/services5
2019-03-24 17:23:47,603 WARNING  C:\python3.5\lib\site-packages\django\core\servers\basehttp.py[line:124] "DELETE /interface/services5 HTTP/1.1" 404 2511
2019-03-24 17:24:10,428 WARNING  C:\python3.5\lib\site-packages\django\utils\log.py[line:228] Not Found: /interface/services5
2019-03-24 17:24:10,429 WARNING  C:\python3.5\lib\site-packages\django\core\servers\basehttp.py[line:124] "DELETE /interface/services5 HTTP/1.1" 404 2511
2019-03-24 17:24:45,331 INFO     C:\python3.5\lib\site-packages\django\core\servers\basehttp.py[line:124] "OPTIONS /interface/services/ HTTP/1.1" 200 0
2019-03-24 17:24:45,362 WARNING  C:\python3.5\lib\site-packages\django\utils\log.py[line:228] Not Found: /interface/services/
2019-03-24 17:24:45,364 WARNING  C:\python3.5\lib\site-packages\django\core\servers\basehttp.py[line:124] "GET /interface/services/ HTTP/1.1" 404 2508
2019-03-24 17:24:48,302 WARNING  C:\python3.5\lib\site-packages\django\utils\log.py[line:228] Not Found: /interface/services/
2019-03-24 17:24:48,303 WARNING  C:\python3.5\lib\site-packages\django\core\servers\basehttp.py[line:124] "GET /interface/services/ HTTP/1.1" 404 2508
2019-03-24 17:24:48,306 INFO     C:\python3.5\lib\site-packages\django\core\servers\basehttp.py[line:124] "GET /interface/user HTTP/1.1" 200 74
2019-03-24 17:25:10,143 WARNING  C:\python3.5\lib\site-packages\django\utils\log.py[line:228] Not Found: /interface/services/
2019-03-24 17:25:10,144 WARNING  C:\python3.5\lib\site-packages\django\core\servers\basehttp.py[line:124] "POST /interface/services/ HTTP/1.1" 404 2509
2019-03-24 17:25:11,589 WARNING  C:\python3.5\lib\site-packages\django\utils\log.py[line:228] Not Found: /interface/services/
2019-03-24 17:25:11,590 WARNING  C:\python3.5\lib\site-packages\django\core\servers\basehttp.py[line:124] "POST /interface/services/ HTTP/1.1" 404 2509
2019-03-24 17:25:20,673 INFO     C:\python3.5\lib\site-packages\django\core\servers\basehttp.py[line:124] "OPTIONS /interface/services HTTP/1.1" 200 0
2019-03-24 17:25:20,762 INFO     C:\python3.5\lib\site-packages\django\core\servers\basehttp.py[line:124] "GET /interface/services HTTP/1.1" 200 658
2019-03-24 17:25:34,068 INFO     C:\python3.5\lib\site-packages\django\core\servers\basehttp.py[line:124] "POST /interface/services HTTP/1.1" 200 44
2019-03-24 17:25:34,081 INFO     C:\python3.5\lib\site-packages\django\core\servers\basehttp.py[line:124] "GET /interface/services HTTP/1.1" 200 745
2019-03-24 17:25:42,938 INFO     C:\python3.5\lib\site-packages\django\core\servers\basehttp.py[line:124] "OPTIONS /interface/services8 HTTP/1.1" 200 0
2019-03-24 17:25:42,948 WARNING  C:\python3.5\lib\site-packages\django\utils\log.py[line:228] Not Found: /interface/services8
2019-03-24 17:25:42,949 WARNING  C:\python3.5\lib\site-packages\django\core\servers\basehttp.py[line:124] "DELETE /interface/services8 HTTP/1.1" 404 2511
2019-03-24 17:25:53,333 WARNING  C:\python3.5\lib\site-packages\django\utils\log.py[line:228] Not Found: /interface/services3
2019-03-24 17:25:53,334 WARNING  C:\python3.5\lib\site-packages\django\core\servers\basehttp.py[line:124] "DELETE /interface/services3 HTTP/1.1" 404 2511
2019-03-24 17:29:52,587 WARNING  C:\python3.5\lib\site-packages\django\utils\log.py[line:228] Not Found: /interface/services/
2019-03-24 17:29:52,588 WARNING  C:\python3.5\lib\site-packages\django\core\servers\basehttp.py[line:124] "GET /interface/services/ HTTP/1.1" 404 2508
2019-03-24 17:29:58,080 INFO     C:\python3.5\lib\site-packages\django\core\servers\basehttp.py[line:124] "OPTIONS /interface/user HTTP/1.1" 200 0
2019-03-24 17:29:58,080 WARNING  C:\python3.5\lib\site-packages\django\utils\log.py[line:228] Not Found: /interface/services/
2019-03-24 17:29:58,081 WARNING  C:\python3.5\lib\site-packages\django\core\servers\basehttp.py[line:124] "GET /interface/services/ HTTP/1.1" 404 2508
2019-03-24 17:29:58,132 INFO     C:\python3.5\lib\site-packages\django\core\servers\basehttp.py[line:124] "GET /interface/user HTTP/1.1" 200 74
2019-03-24 17:30:09,901 WARNING  C:\python3.5\lib\site-packages\django\utils\log.py[line:228] Not Found: /interface/services/
2019-03-24 17:30:09,903 WARNING  C:\python3.5\lib\site-packages\django\core\servers\basehttp.py[line:124] "POST /interface/services/ HTTP/1.1" 404 2509
2019-03-24 17:30:26,336 INFO     C:\python3.5\lib\site-packages\django\core\servers\basehttp.py[line:124] "GET /interface/services HTTP/1.1" 200 745
2019-03-24 17:31:57,693 INFO     C:\python3.5\lib\site-packages\django\core\servers\basehttp.py[line:124] "GET /interface/services HTTP/1.1" 301 0
2019-03-24 17:31:57,703 INFO     C:\python3.5\lib\site-packages\django\core\servers\basehttp.py[line:124] "GET /interface/user HTTP/1.1" 200 74
2019-03-24 17:31:57,840 INFO     C:\python3.5\lib\site-packages\django\core\servers\basehttp.py[line:124] "GET /interface/services/ HTTP/1.1" 200 745
2019-03-24 17:32:01,982 INFO     C:\python3.5\lib\site-packages\django\core\servers\basehttp.py[line:124] "GET /interface/services/ HTTP/1.1" 200 745
2019-03-24 17:32:05,470 INFO     C:\python3.5\lib\site-packages\django\core\servers\basehttp.py[line:124] "GET /interface/user HTTP/1.1" 200 74
2019-03-24 17:32:05,471 INFO     C:\python3.5\lib\site-packages\django\core\servers\basehttp.py[line:124] "GET /interface/services/ HTTP/1.1" 200 745
2019-03-24 17:32:09,154 INFO     C:\python3.5\lib\site-packages\django\core\servers\basehttp.py[line:124] "OPTIONS /interface/services/3 HTTP/1.1" 200 0
2019-03-24 17:32:09,339 INFO     C:\python3.5\lib\site-packages\django\core\servers\basehttp.py[line:124] "DELETE /interface/services/3 HTTP/1.1" 200 44
2019-03-24 17:32:09,350 INFO     C:\python3.5\lib\site-packages\django\core\servers\basehttp.py[line:124] "GET /interface/services/ HTTP/1.1" 200 654
2019-03-24 17:32:11,722 INFO     C:\python3.5\lib\site-packages\django\core\servers\basehttp.py[line:124] "OPTIONS /interface/services/5 HTTP/1.1" 200 0
2019-03-24 17:32:11,840 INFO     C:\python3.5\lib\site-packages\django\core\servers\basehttp.py[line:124] "DELETE /interface/services/5 HTTP/1.1" 200 44
2019-03-24 17:32:11,850 INFO     C:\python3.5\lib\site-packages\django\core\servers\basehttp.py[line:124] "GET /interface/services/ HTTP/1.1" 200 565
2019-03-24 17:32:21,474 INFO     C:\python3.5\lib\site-packages\django\core\servers\basehttp.py[line:124] "OPTIONS /interface/services/8 HTTP/1.1" 200 0
2019-03-24 17:32:21,659 INFO     C:\python3.5\lib\site-packages\django\core\servers\basehttp.py[line:124] "DELETE /interface/services/8 HTTP/1.1" 200 44
2019-03-24 17:32:21,668 INFO     C:\python3.5\lib\site-packages\django\core\servers\basehttp.py[line:124] "GET /interface/services/ HTTP/1.1" 200 478
2019-03-24 17:33:19,343 INFO     C:\python3.5\lib\site-packages\django\core\servers\basehttp.py[line:124] "PUT /interface/user HTTP/1.1" 200 89
2019-03-24 17:33:23,577 INFO     C:\python3.5\lib\site-packages\django\core\servers\basehttp.py[line:124] "GET /interface/user HTTP/1.1" 200 74
2019-03-24 17:33:23,578 INFO     C:\python3.5\lib\site-packages\django\core\servers\basehttp.py[line:124] "GET /interface/services/ HTTP/1.1" 200 478
2019-03-24 17:33:28,882 INFO     C:\python3.5\lib\site-packages\django\core\servers\basehttp.py[line:124] "OPTIONS /interface/services/4 HTTP/1.1" 200 0
2019-03-24 17:33:29,018 INFO     C:\python3.5\lib\site-packages\django\core\servers\basehttp.py[line:124] "DELETE /interface/services/4 HTTP/1.1" 200 44
2019-03-24 17:33:29,027 INFO     C:\python3.5\lib\site-packages\django\core\servers\basehttp.py[line:124] "GET /interface/services/ HTTP/1.1" 200 389
2019-03-24 17:33:31,849 INFO     C:\python3.5\lib\site-packages\django\core\servers\basehttp.py[line:124] "OPTIONS /interface/services/6 HTTP/1.1" 200 0
2019-03-24 17:33:32,010 INFO     C:\python3.5\lib\site-packages\django\core\servers\basehttp.py[line:124] "DELETE /interface/services/6 HTTP/1.1" 200 44
2019-03-24 17:33:32,019 INFO     C:\python3.5\lib\site-packages\django\core\servers\basehttp.py[line:124] "GET /interface/services/ HTTP/1.1" 200 213
2019-03-24 17:36:07,857 INFO     C:\python3.5\lib\site-packages\django\core\servers\basehttp.py[line:124] "OPTIONS /interface/services/ HTTP/1.1" 200 0
2019-03-24 17:36:07,949 INFO     C:\python3.5\lib\site-packages\django\core\servers\basehttp.py[line:124] "GET /interface/services/ HTTP/1.1" 200 213
2019-03-24 17:36:30,184 INFO     C:\python3.5\lib\site-packages\django\core\servers\basehttp.py[line:124] "GET /interface/services/ HTTP/1.1" 200 213
2019-03-24 17:37:15,833 INFO     C:\python3.5\lib\site-packages\django\core\servers\basehttp.py[line:124] "GET /interface/services/ HTTP/1.1" 200 213
2019-03-24 17:37:32,907 INFO     C:\python3.5\lib\site-packages\django\core\servers\basehttp.py[line:124] "GET /interface/services/ HTTP/1.1" 200 213
2019-03-24 17:38:00,230 INFO     C:\python3.5\lib\site-packages\django\core\servers\basehttp.py[line:124] "GET /interface/services/ HTTP/1.1" 200 213
2019-03-24 17:38:05,288 INFO     C:\python3.5\lib\site-packages\django\core\servers\basehttp.py[line:124] "GET /interface/services/ HTTP/1.1" 200 213
2019-03-24 17:38:35,764 INFO     C:\python3.5\lib\site-packages\django\core\servers\basehttp.py[line:124] "POST /interface/services/ HTTP/1.1" 200 44
2019-03-24 17:38:35,777 INFO     C:\python3.5\lib\site-packages\django\core\servers\basehttp.py[line:124] "GET /interface/services/ HTTP/1.1" 200 302
2019-03-24 17:38:43,708 INFO     C:\python3.5\lib\site-packages\django\core\servers\basehttp.py[line:124] "OPTIONS /interface/services/9 HTTP/1.1" 200 0
2019-03-24 17:38:43,911 INFO     C:\python3.5\lib\site-packages\django\core\servers\basehttp.py[line:124] "DELETE /interface/services/9 HTTP/1.1" 200 44
2019-03-24 17:38:43,931 INFO     C:\python3.5\lib\site-packages\django\core\servers\basehttp.py[line:124] "GET /interface/services/ HTTP/1.1" 200 213
2019-03-24 17:39:50,081 INFO     C:\python3.5\lib\site-packages\django\core\servers\basehttp.py[line:124] "GET /interface/services/ HTTP/1.1" 200 213
2019-03-24 17:40:00,047 INFO     C:\python3.5\lib\site-packages\django\core\servers\basehttp.py[line:124] "GET /interface/services/ HTTP/1.1" 200 213
2019-03-24 17:40:29,608 INFO     C:\python3.5\lib\site-packages\django\core\servers\basehttp.py[line:124] "GET /interface/services/ HTTP/1.1" 200 213
2019-03-24 17:40:56,299 INFO     C:\python3.5\lib\site-packages\django\core\servers\basehttp.py[line:124] "GET /interface/services/ HTTP/1.1" 200 213
2019-03-24 17:41:28,301 INFO     C:\python3.5\lib\site-packages\django\core\servers\basehttp.py[line:124] "GET /interface/services/ HTTP/1.1" 200 213
2019-03-24 17:41:42,523 INFO     C:\python3.5\lib\site-packages\django\core\servers\basehttp.py[line:124] "GET /interface/services/ HTTP/1.1" 200 213
2019-03-24 17:42:02,144 INFO     C:\python3.5\lib\site-packages\django\core\servers\basehttp.py[line:124] "GET /interface/services/ HTTP/1.1" 200 213
2019-03-24 17:43:19,815 INFO     C:\python3.5\lib\site-packages\django\core\servers\basehttp.py[line:124] "GET /interface/services/ HTTP/1.1" 200 213
2019-03-24 17:51:15,294 INFO     C:\python3.5\lib\site-packages\django\core\servers\basehttp.py[line:124] "OPTIONS /interface/user HTTP/1.1" 200 0
2019-03-24 17:51:15,294 INFO     C:\python3.5\lib\site-packages\django\core\servers\basehttp.py[line:124] "OPTIONS /interface/services/ HTTP/1.1" 200 0
2019-03-24 17:51:15,328 INFO     C:\python3.5\lib\site-packages\django\core\servers\basehttp.py[line:124] "GET /interface/user HTTP/1.1" 200 74
2019-03-24 17:51:15,328 INFO     C:\python3.5\lib\site-packages\django\core\servers\basehttp.py[line:124] "GET /interface/services/ HTTP/1.1" 200 251
2019-03-24 17:51:24,261 INFO     C:\python3.5\lib\site-packages\django\core\servers\basehttp.py[line:124] "GET /interface/services/ HTTP/1.1" 200 251
2019-03-24 17:51:24,262 INFO     C:\python3.5\lib\site-packages\django\core\servers\basehttp.py[line:124] "GET /interface/user HTTP/1.1" 200 74
2019-03-24 17:52:05,664 INFO     C:\python3.5\lib\site-packages\django\core\servers\basehttp.py[line:124] "POST /interface/services/ HTTP/1.1" 200 44
2019-03-24 17:52:05,685 INFO     C:\python3.5\lib\site-packages\django\core\servers\basehttp.py[line:124] "GET /interface/services/ HTTP/1.1" 200 368
2019-03-24 17:53:02,057 INFO     C:\python3.5\lib\site-packages\django\core\servers\basehttp.py[line:124] "GET /interface/services/ HTTP/1.1" 200 368
2019-03-24 20:28:11,943 INFO     C:\python3.5\lib\site-packages\django\core\servers\basehttp.py[line:124] "OPTIONS /interface/services/ HTTP/1.1" 200 0
2019-03-24 20:28:11,957 INFO     C:\python3.5\lib\site-packages\django\core\servers\basehttp.py[line:124] "GET /interface/services/ HTTP/1.1" 200 368
2019-03-24 20:28:15,502 INFO     C:\python3.5\lib\site-packages\django\core\servers\basehttp.py[line:124] "GET /interface/services/ HTTP/1.1" 200 368
2019-03-24 20:28:22,121 INFO     C:\python3.5\lib\site-packages\django\core\servers\basehttp.py[line:124] "GET /interface/services/ HTTP/1.1" 200 368
2019-03-24 20:28:30,408 INFO     C:\python3.5\lib\site-packages\django\core\servers\basehttp.py[line:124] "GET /interface/services/ HTTP/1.1" 200 368
2019-03-24 20:29:29,086 INFO     C:\python3.5\lib\site-packages\django\core\servers\basehttp.py[line:124] "GET /interface/services/ HTTP/1.1" 200 368
2019-03-24 20:31:24,546 INFO     C:\python3.5\lib\site-packages\django\core\servers\basehttp.py[line:124] "GET /interface/services/ HTTP/1.1" 200 368
2019-03-24 20:31:51,044 INFO     C:\python3.5\lib\site-packages\django\core\servers\basehttp.py[line:124] "GET /interface/services/ HTTP/1.1" 200 368
2019-03-24 20:32:19,945 INFO     C:\python3.5\lib\site-packages\django\core\servers\basehttp.py[line:124] "GET /interface/services/ HTTP/1.1" 200 368
2019-03-24 20:32:23,814 INFO     C:\python3.5\lib\site-packages\django\core\servers\basehttp.py[line:124] "GET /interface/services/ HTTP/1.1" 200 368
2019-03-24 20:32:45,929 INFO     C:\python3.5\lib\site-packages\django\core\servers\basehttp.py[line:124] "GET /interface/services/ HTTP/1.1" 200 368
2019-03-24 20:34:18,917 INFO     C:\python3.5\lib\site-packages\django\core\servers\basehttp.py[line:124] "GET /interface/services/ HTTP/1.1" 200 368
2019-03-24 20:34:28,848 INFO     C:\python3.5\lib\site-packages\django\core\servers\basehttp.py[line:124] "GET /interface/services/ HTTP/1.1" 200 368
2019-03-24 20:35:30,015 INFO     C:\python3.5\lib\site-packages\django\core\servers\basehttp.py[line:124] "OPTIONS /interface/user HTTP/1.1" 200 0
2019-03-24 20:35:30,026 INFO     C:\python3.5\lib\site-packages\django\core\servers\basehttp.py[line:124] "GET /interface/services/ HTTP/1.1" 200 368
2019-03-24 20:35:30,041 INFO     C:\python3.5\lib\site-packages\django\core\servers\basehttp.py[line:124] "GET /interface/user HTTP/1.1" 200 74
2019-03-24 20:35:39,957 INFO     C:\python3.5\lib\site-packages\django\core\servers\basehttp.py[line:124] "OPTIONS /interface/services/10 HTTP/1.1" 200 0
2019-03-24 20:35:40,103 INFO     C:\python3.5\lib\site-packages\django\core\servers\basehttp.py[line:124] "PUT /interface/services/10 HTTP/1.1" 200 44
2019-03-24 20:35:40,134 INFO     C:\python3.5\lib\site-packages\django\core\servers\basehttp.py[line:124] "GET /interface/services/ HTTP/1.1" 200 368
2019-03-24 20:35:54,098 INFO     C:\python3.5\lib\site-packages\django\core\servers\basehttp.py[line:124] "PUT /interface/services/10 HTTP/1.1" 200 44
2019-03-24 20:35:54,109 INFO     C:\python3.5\lib\site-packages\django\core\servers\basehttp.py[line:124] "GET /interface/services/ HTTP/1.1" 200 368
2019-03-24 20:42:07,707 INFO     C:\python3.5\lib\site-packages\django\core\servers\basehttp.py[line:124] "OPTIONS /interface/services/ HTTP/1.1" 200 0
2019-03-24 20:42:07,809 INFO     C:\python3.5\lib\site-packages\django\core\servers\basehttp.py[line:124] "GET /interface/services/ HTTP/1.1" 200 368
2019-03-24 20:42:17,011 INFO     C:\python3.5\lib\site-packages\django\core\servers\basehttp.py[line:124] "GET /interface/services/ HTTP/1.1" 200 368
2019-03-24 20:45:27,198 INFO     C:\python3.5\lib\site-packages\django\core\servers\basehttp.py[line:124] "GET /interface/services/ HTTP/1.1" 200 368
2019-03-24 20:45:27,203 INFO     C:\python3.5\lib\site-packages\django\core\servers\basehttp.py[line:124] "GET /interface/user HTTP/1.1" 200 74
2019-03-24 20:45:31,540 INFO     C:\python3.5\lib\site-packages\django\core\servers\basehttp.py[line:124] "GET /interface/services/ HTTP/1.1" 200 368
2019-03-24 20:45:34,885 INFO     C:\python3.5\lib\site-packages\django\core\servers\basehttp.py[line:124] "GET /interface/services/ HTTP/1.1" 200 368
2019-03-24 20:45:42,609 INFO     C:\python3.5\lib\site-packages\django\core\servers\basehttp.py[line:124] "GET /interface/services/ HTTP/1.1" 200 368
2019-03-24 20:48:29,848 INFO     C:\python3.5\lib\site-packages\django\core\servers\basehttp.py[line:124] "GET /interface/services/ HTTP/1.1" 200 368
2019-03-24 20:48:33,814 INFO     C:\python3.5\lib\site-packages\django\core\servers\basehttp.py[line:124] "GET /interface/services/ HTTP/1.1" 200 368
2019-03-24 20:48:52,186 INFO     C:\python3.5\lib\site-packages\django\core\servers\basehttp.py[line:124] "GET /interface/services/ HTTP/1.1" 200 368
2019-03-24 20:49:32,898 INFO     C:\python3.5\lib\site-packages\django\core\servers\basehttp.py[line:124] "OPTIONS /interface/user HTTP/1.1" 200 0
2019-03-24 20:49:32,902 INFO     C:\python3.5\lib\site-packages\django\core\servers\basehttp.py[line:124] "GET /interface/services/ HTTP/1.1" 200 368
2019-03-24 20:49:32,945 INFO     C:\python3.5\lib\site-packages\django\core\servers\basehttp.py[line:124] "GET /interface/user HTTP/1.1" 200 74
2019-03-24 20:51:33,713 INFO     C:\python3.5\lib\site-packages\django\core\servers\basehttp.py[line:124] "GET /interface/services/ HTTP/1.1" 200 368
2019-03-24 20:51:40,911 INFO     C:\python3.5\lib\site-packages\django\core\servers\basehttp.py[line:124] "GET /interface/services/ HTTP/1.1" 200 368
2019-03-24 20:51:48,657 INFO     C:\python3.5\lib\site-packages\django\core\servers\basehttp.py[line:124] "GET /interface/services/ HTTP/1.1" 200 368
2019-03-24 20:52:03,904 INFO     C:\python3.5\lib\site-packages\django\core\servers\basehttp.py[line:124] "GET /interface/services/ HTTP/1.1" 200 368
2019-03-24 20:52:50,716 INFO     C:\python3.5\lib\site-packages\django\core\servers\basehttp.py[line:124] "OPTIONS /interface/services/ HTTP/1.1" 200 0
2019-03-24 20:52:50,729 INFO     C:\python3.5\lib\site-packages\django\core\servers\basehttp.py[line:124] "GET /interface/services/ HTTP/1.1" 200 368
2019-03-24 20:53:16,033 INFO     C:\python3.5\lib\site-packages\django\core\servers\basehttp.py[line:124] "GET /interface/services/ HTTP/1.1" 200 368
2019-03-24 20:53:20,385 INFO     C:\python3.5\lib\site-packages\django\core\servers\basehttp.py[line:124] "GET /interface/services/ HTTP/1.1" 200 368
2019-03-24 20:54:34,959 INFO     C:\python3.5\lib\site-packages\django\core\servers\basehttp.py[line:124] "GET /interface/services/ HTTP/1.1" 200 368
2019-03-24 20:54:40,378 INFO     C:\python3.5\lib\site-packages\django\core\servers\basehttp.py[line:124] "GET /interface/services/ HTTP/1.1" 200 368
2019-03-24 20:54:45,975 INFO     C:\python3.5\lib\site-packages\django\core\servers\basehttp.py[line:124] "GET /interface/services/ HTTP/1.1" 200 368
2019-03-24 20:54:56,016 INFO     C:\python3.5\lib\site-packages\django\core\servers\basehttp.py[line:124] "GET /interface/services/ HTTP/1.1" 200 368
2019-03-24 20:55:40,065 INFO     C:\python3.5\lib\site-packages\django\core\servers\basehttp.py[line:124] "GET /interface/services/ HTTP/1.1" 200 368
2019-03-24 20:57:09,853 INFO     C:\python3.5\lib\site-packages\django\core\servers\basehttp.py[line:124] "GET /interface/services/ HTTP/1.1" 200 368
2019-03-24 20:58:38,511 INFO     C:\python3.5\lib\site-packages\django\core\servers\basehttp.py[line:124] "GET /interface/user HTTP/1.1" 200 74
2019-03-24 20:58:38,511 INFO     C:\python3.5\lib\site-packages\django\core\servers\basehttp.py[line:124] "GET /interface/services/ HTTP/1.1" 200 368
2019-03-24 20:58:43,889 INFO     C:\python3.5\lib\site-packages\django\core\servers\basehttp.py[line:124] "OPTIONS /interface/services/10 HTTP/1.1" 200 0
2019-03-24 20:58:44,098 INFO     C:\python3.5\lib\site-packages\django\core\servers\basehttp.py[line:124] "PUT /interface/services/10 HTTP/1.1" 200 44
2019-03-24 20:58:44,109 INFO     C:\python3.5\lib\site-packages\django\core\servers\basehttp.py[line:124] "GET /interface/services/ HTTP/1.1" 200 368
2019-03-24 21:06:02,960 INFO     C:\python3.5\lib\site-packages\django\core\servers\basehttp.py[line:124] "PUT /interface/services/10 HTTP/1.1" 200 44
2019-03-24 21:06:02,964 INFO     C:\python3.5\lib\site-packages\django\core\servers\basehttp.py[line:124] "OPTIONS /interface/services/ HTTP/1.1" 200 0
2019-03-24 21:06:02,974 INFO     C:\python3.5\lib\site-packages\django\core\servers\basehttp.py[line:124] "GET /interface/services/ HTTP/1.1" 200 368
2019-03-24 21:10:30,218 INFO     C:\python3.5\lib\site-packages\django\core\servers\basehttp.py[line:124] "POST /interface/services/ HTTP/1.1" 200 44
2019-03-24 21:10:30,236 INFO     C:\python3.5\lib\site-packages\django\core\servers\basehttp.py[line:124] "GET /interface/services/ HTTP/1.1" 200 492
2019-03-24 21:10:36,193 INFO     C:\python3.5\lib\site-packages\django\core\servers\basehttp.py[line:124] "OPTIONS /interface/services/1 HTTP/1.1" 200 0
2019-03-24 21:10:36,305 INFO     C:\python3.5\lib\site-packages\django\core\servers\basehttp.py[line:124] "PUT /interface/services/1 HTTP/1.1" 200 44
2019-03-24 21:10:36,318 INFO     C:\python3.5\lib\site-packages\django\core\servers\basehttp.py[line:124] "GET /interface/services/ HTTP/1.1" 200 494
2019-03-24 21:10:44,081 INFO     C:\python3.5\lib\site-packages\django\core\servers\basehttp.py[line:124] "OPTIONS /interface/services/10 HTTP/1.1" 200 0
2019-03-24 21:10:44,289 INFO     C:\python3.5\lib\site-packages\django\core\servers\basehttp.py[line:124] "PUT /interface/services/10 HTTP/1.1" 200 44
2019-03-24 21:10:44,298 INFO     C:\python3.5\lib\site-packages\django\core\servers\basehttp.py[line:124] "GET /interface/services/ HTTP/1.1" 200 494
2019-03-24 21:10:50,097 INFO     C:\python3.5\lib\site-packages\django\core\servers\basehttp.py[line:124] "OPTIONS /interface/services/11 HTTP/1.1" 200 0
2019-03-24 21:10:50,265 INFO     C:\python3.5\lib\site-packages\django\core\servers\basehttp.py[line:124] "PUT /interface/services/11 HTTP/1.1" 200 44
2019-03-24 21:10:50,274 INFO     C:\python3.5\lib\site-packages\django\core\servers\basehttp.py[line:124] "GET /interface/services/ HTTP/1.1" 200 491
2019-03-24 21:10:53,079 INFO     C:\python3.5\lib\site-packages\django\core\servers\basehttp.py[line:124] "PUT /interface/services/11 HTTP/1.1" 200 44
2019-03-24 21:10:53,099 INFO     C:\python3.5\lib\site-packages\django\core\servers\basehttp.py[line:124] "GET /interface/services/ HTTP/1.1" 200 494
2019-03-24 21:10:55,678 INFO     C:\python3.5\lib\site-packages\django\core\servers\basehttp.py[line:124] "PUT /interface/services/10 HTTP/1.1" 200 44
2019-03-24 21:10:55,699 INFO     C:\python3.5\lib\site-packages\django\core\servers\basehttp.py[line:124] "GET /interface/services/ HTTP/1.1" 200 494
2019-03-29 16:12:12,107 INFO     C:\python3.5\lib\site-packages\django\core\servers\basehttp.py[line:124] "OPTIONS /interface/user HTTP/1.1" 200 0
2019-03-29 16:12:12,155 INFO     C:\python3.5\lib\site-packages\django\core\servers\basehttp.py[line:124] "OPTIONS /interface/services/ HTTP/1.1" 200 0
2019-03-29 16:12:12,367 INFO     C:\python3.5\lib\site-packages\django\core\servers\basehttp.py[line:124] "GET /interface/user HTTP/1.1" 200 74
2019-03-29 16:12:12,370 INFO     C:\python3.5\lib\site-packages\django\core\servers\basehttp.py[line:124] "GET /interface/services/ HTTP/1.1" 200 494
2019-03-29 17:40:04,804 INFO     C:\python3.5\lib\site-packages\django\core\servers\basehttp.py[line:124] "OPTIONS /interface/user HTTP/1.1" 200 0
2019-03-29 17:40:04,804 INFO     C:\python3.5\lib\site-packages\django\core\servers\basehttp.py[line:124] "OPTIONS /interface/services/ HTTP/1.1" 200 0
2019-03-29 17:40:04,840 INFO     C:\python3.5\lib\site-packages\django\core\servers\basehttp.py[line:124] "GET /interface/user HTTP/1.1" 200 74
2019-03-29 17:40:04,845 INFO     C:\python3.5\lib\site-packages\django\core\servers\basehttp.py[line:124] "GET /interface/services/ HTTP/1.1" 200 494
2019-03-29 20:27:35,876 INFO     C:\python3.5\lib\site-packages\django\core\servers\basehttp.py[line:124] "OPTIONS /interface/services/ HTTP/1.1" 200 0
2019-03-29 20:27:35,880 INFO     C:\python3.5\lib\site-packages\django\core\servers\basehttp.py[line:124] "OPTIONS /interface/user HTTP/1.1" 200 0
2019-03-29 20:27:35,946 INFO     C:\python3.5\lib\site-packages\django\core\servers\basehttp.py[line:124] "GET /interface/user HTTP/1.1" 200 74
2019-03-29 20:27:35,950 INFO     C:\python3.5\lib\site-packages\django\core\servers\basehttp.py[line:124] "GET /interface/services/ HTTP/1.1" 200 494
2019-03-29 20:28:51,595 INFO     C:\python3.5\lib\site-packages\django\core\servers\basehttp.py[line:124] "GET /interface/user HTTP/1.1" 200 74
2019-03-29 20:28:51,596 INFO     C:\python3.5\lib\site-packages\django\core\servers\basehttp.py[line:124] "GET /interface/services/ HTTP/1.1" 200 494
2019-03-29 20:28:54,557 INFO     C:\python3.5\lib\site-packages\django\core\servers\basehttp.py[line:124] "GET /interface/user HTTP/1.1" 200 74
2019-03-29 20:28:54,560 INFO     C:\python3.5\lib\site-packages\django\core\servers\basehttp.py[line:124] "GET /interface/services/ HTTP/1.1" 200 494
2019-03-29 20:29:01,110 INFO     C:\python3.5\lib\site-packages\django\core\servers\basehttp.py[line:124] "GET /interface/user HTTP/1.1" 200 74
2019-03-29 20:29:01,111 INFO     C:\python3.5\lib\site-packages\django\core\servers\basehttp.py[line:124] "GET /interface/services/ HTTP/1.1" 200 494
2019-03-29 20:29:07,985 INFO     C:\python3.5\lib\site-packages\django\core\servers\basehttp.py[line:124] "GET /interface/user HTTP/1.1" 200 74
2019-03-29 20:29:07,986 INFO     C:\python3.5\lib\site-packages\django\core\servers\basehttp.py[line:124] "GET /interface/services/ HTTP/1.1" 200 494
2019-03-29 20:29:18,327 INFO     C:\python3.5\lib\site-packages\django\core\servers\basehttp.py[line:124] "GET /interface/user HTTP/1.1" 200 74
2019-03-29 20:29:18,330 INFO     C:\python3.5\lib\site-packages\django\core\servers\basehttp.py[line:124] "GET /interface/services/ HTTP/1.1" 200 494
2019-03-30 16:08:04,212 INFO     C:\python3.5\lib\site-packages\django\core\servers\basehttp.py[line:124] "OPTIONS /interface/user HTTP/1.1" 200 0
2019-03-30 16:08:04,196 INFO     C:\python3.5\lib\site-packages\django\core\servers\basehttp.py[line:124] "OPTIONS /interface/services/ HTTP/1.1" 200 0
2019-03-30 16:08:04,457 INFO     C:\python3.5\lib\site-packages\django\core\servers\basehttp.py[line:124] "GET /interface/user HTTP/1.1" 200 74
2019-03-30 16:08:04,459 INFO     C:\python3.5\lib\site-packages\django\core\servers\basehttp.py[line:124] "GET /interface/services/ HTTP/1.1" 200 494
